2026-04-27 08:52:21, MOVE, v:1, k:ed@vetbuild, mode:PICK
2026-04-27 08:52:23, EXEC, v:1, k:ed@vetbuild, mode:FULL, rate:0, size:132
2026-04-27 08:54:32, MOVE, v:1, k:ed@vetbuild, mode:PICK
2026-04-27 08:54:33, EXEC, v:1, k:ed@vetbuild, mode:FULL, size:132, fail:COMP
2026-04-27 08:57:09, MOVE, v:1, k:ed@vetbuild, mode:EDIT
2026-04-27 08:58:08, EXEC, v:1, k:ed@vetbuild, mode:FULL, size:139, fail:COMP
2026-04-27 08:59:23, MOVE, v:1, k:ed@vetbuild, mode:EDIT
2026-04-27 09:01:03, EXEC, v:1, k:ed@vetbuild, mode:FULL, size:141, fail:COMP
2026-04-27 09:02:05, MOVE, v:1, k:ed@vetbuild, mode:EDIT
2026-04-27 09:02:20, EXEC, v:1, k:ed@vetbuild, mode:FULL, rate:0, size:141
2026-04-27 09:02:42, EXEC, v:1, k:ed@vetbuild, mode:FULL, rate:0, size:141
2026-04-27 09:03:17, EXEC, v:1, k:ed@vetbuild, mode:FULL, rate:0, size:140
2026-04-27 09:03:39, EXEC, v:1, k:ed@vetbuild, mode:FULL, rate:0, size:140
2026-04-27 09:03:54, MOVE, v:1, k:ed@vetbuild, mode:EDIT
2026-04-27 09:07:00, MOVE, v:1, k:ed@vetbuild, mode:EDIT
2026-04-27 09:07:00, MOVE, v:1, k:ed@vetbuild, mode:EDIT
2026-04-27 09:17:06, MOVE, v:1, k:ed@vetbuild, mode:EDIT
2026-04-27 09:18:08, EXEC, v:1, k:ed@vetbuild, mode:FULL, rate:18, size:143
2026-04-27 09:18:41, EXEC, v:1, k:ed@vetbuild, mode:FULL, rate:18, size:143
2026-04-27 09:18:41, EXEC, v:1, k:ed@vetbuild, mode:FULL, rate:18, size:143
2026-04-27 09:18:43, EXEC, v:1, k:ed@vetbuild, mode:FULL, rate:18, size:143
2026-04-27 09:18:51, MOVE, v:1, k:ed@vetbuild, mode:EDIT
2026-04-27 09:18:51, MOVE, v:1, k:ed@vetbuild, mode:EDIT
2026-04-27 09:24:16, MOVE, v:1, k:ed@vetbuild, mode:EDIT
2026-04-27 09:25:55, MOVE, v:1, k:ed@vetbuild, mode:PICK
2026-04-27 09:25:56, EXEC, v:1, k:ed@vetbuild, mode:FULL, size:143, fail:COMP
2026-04-27 09:25:57, MOVE, v:1, k:ed@vetbuild, mode:BACK
2026-04-27 09:26:17, MOVE, v:1, k:ed@vetbuild, mode:PICK
2026-04-27 09:26:18, EXEC, v:1, k:ed@vetbuild, mode:FULL, rate:18, size:143
2026-04-27 09:28:42, EXEC, v:1, k:ed@vetbuild, mode:FULL, rate:18, size:143
2026-04-27 09:29:09, MOVE, v:1, k:ed@vetbuild, mode:BACK
2026-04-27 09:29:05, MOVE, v:1, k:ed@vetbuild, mode:EDIT
2026-04-27 09:29:05, MOVE, v:1, k:ed@vetbuild, mode:EDIT
2026-04-27 09:34:20, MOVE, v:1, k:ed@setbuild, mode:DOWN
2026-04-27 09:34:27, EXEC, v:1, k:ed@vetbuild, mode:FULL, rate:18, size:148
2026-04-27 09:34:19, MOVE, v:1, k:ed@vetbuild, mode:EDIT
2026-04-27 09:34:20, MOVE, v:1, k:ed@setbuild, mode:EDIT
2026-04-27 09:34:20, MOVE, v:1, k:ed@setbuild, mode:EDIT
2026-04-27 09:34:20, MOVE, v:1, k:ed@setbuild, mode:EDIT
2026-04-27 09:34:20, MOVE, v:1, k:ed@setbuild, mode:EDIT
2026-04-27 09:34:38, EXEC, v:1, k:ed@vetbuild, mode:FULL, rate:18
2026-04-27 09:34:54, MOVE, v:1, k:ed@vetbuild, mode:EDIT
2026-04-27 09:34:20, MOVE, v:1, k:ed@setbuild, mode:EDIT
2026-04-27 09:34:20, MOVE, v:1, k:ed@setbuild, mode:EDIT
2026-04-27 09:34:20, MOVE, v:1, k:ed@setbuild, mode:EDIT
2026-04-27 09:34:20, MOVE, v:1, k:ed@setbuild, mode:EDIT
2026-04-27 09:35:02, EXEC, v:1, k:ed@vetbuild, mode:FULL, rate:18, size:143
2026-04-27 09:35:20, EXEC, v:1, k:ed@vetbuild, mode:FULL, rate:18
2026-04-27 09:35:46, MOVE, v:1, k:ed@setbuild, mode:PICK
2026-04-27 09:35:47, EXEC, v:1, k:ed@setbuild, mode:FULL, rate:0, size:45
2026-04-27 09:35:48, MOVE, v:1, k:ed@setbuild, mode:BACK
2026-04-27 09:35:49, MOVE, v:1, k:ed@vetbuild, mode:PICK
2026-04-27 09:35:50, EXEC, v:1, k:ed@vetbuild, mode:FULL, rate:9, size:149
2026-04-27 09:36:08, EXEC, v:1, k:ed@vetbuild, mode:FULL, rate:9, size:150
2026-04-27 09:37:43, EXEC, v:1, k:ed@vetbuild, mode:FULL, rate:9, size:149
2026-04-27 09:39:18, EXEC, v:1, k:ed@vetbuild, mode:FULL, rate:9, size:152
2026-04-27 09:39:27, MOVE, v:1, k:ed@vetbuild, mode:EDIT
2026-04-27 09:39:27, MOVE, v:1, k:ed@vetbuild, mode:EDIT
2026-04-27 09:40:35, EXEC, v:1, k:ed@vetbuild, mode:FULL, rate:0, size:152
2026-04-27 09:41:04, EXEC, v:1, k:ed@vetbuild, mode:FULL, rate:9, size:152
2026-04-27 09:41:34, EXEC, v:1, k:ed@vetbuild, mode:FULL, rate:9, size:150
2026-04-27 09:41:33, MOVE, v:1, k:ed@vetbuild, mode:EDIT
2026-04-27 09:44:46, MOVE, v:1, k:ed@vetbuild, mode:EDIT
2026-04-27 09:47:18, EXEC, v:1, k:ed@vetbuild, mode:FULL, rate:0, size:150
2026-04-27 09:47:41, EXEC, v:1, k:ed@vetbuild, mode:FULL, rate:0, size:150
2026-04-27 09:47:55, EXEC, v:1, k:ed@vetbuild, mode:FULL, rate:9, size:150
2026-04-27 09:48:46, EXEC, v:1, k:ed@vetbuild, mode:FULL, rate:9, size:150
2026-04-27 09:48:59, EXEC, v:1, k:ed@vetbuild, mode:FULL, rate:9, size:150
2026-04-27 09:49:14, EXEC, v:1, k:ed@vetbuild, mode:FULL, rate:9, size:150
2026-04-27 09:49:12, MOVE, v:1, k:ed@vetbuild, mode:EDIT
2026-04-27 09:49:39, EXEC, v:1, k:ed@vetbuild, mode:FULL, rate:0, size:150
2026-04-27 09:49:47, EXEC, v:1, k:ed@vetbuild, mode:FULL, rate:9, size:150
2026-04-27 09:49:44, MOVE, v:1, k:ed@vetbuild, mode:EDIT
2026-04-27 09:50:15, EXEC, v:1, k:ed@vetbuild, mode:FULL, rate:9, size:150
2026-04-27 09:54:18, EXEC, v:1, k:ed@vetbuild, mode:FULL, rate:9, size:153
2026-04-27 09:54:16, MOVE, v:1, k:ed@vetbuild, mode:EDIT
2026-04-27 09:54:48, MOVE, v:1, k:ed@vetbuild, mode:EDIT
2026-04-27 09:54:48, MOVE, v:1, k:ed@vetbuild, mode:EDIT
2026-04-27 10:23:36, MOVE, v:1, k:ed@vetbuild, mode:BACK
2026-04-27 10:24:11, MOVE, v:1, k:ed@vetbuild, mode:PICK
2026-04-27 10:24:13, EXEC, v:1, k:ed@vetbuild, mode:FULL, rate:18, size:148
2026-04-27 10:25:05, EXEC, v:1, k:ed@vetbuild, mode:FULL, rate:18, size:148
2026-04-27 10:26:15, EXEC, v:1, k:ed@vetbuild, mode:FULL, rate:9, size:150
2026-04-27 10:27:01, EXEC, v:1, k:ed@vetbuild, mode:FULL, rate:9, size:150
2026-04-27 10:26:58, MOVE, v:1, k:ed@vetbuild, mode:EDIT
2026-04-27 10:29:42, EXEC, v:1, k:ed@vetbuild, mode:FULL, rate:9, size:150
2026-04-27 10:29:36, MOVE, v:1, k:ed@vetbuild, mode:EDIT
