2026-05-25 00:01:31, MOVE, v:1, k:ed@multiset, mode:EDIT
2026-05-25 00:02:48, MOVE, v:1, k:ed@multiset, mode:EDIT
2026-05-25 00:09:49, EXEC, v:1, k:ed@multiset, mode:FULL, size:198, fail:COMP
2026-05-25 00:10:01, EXEC, v:1, k:ed@multiset, mode:FULL, rate:0, size:197
2026-05-25 00:10:55, EXEC, v:1, k:ed@multiset, mode:FULL, rate:0, size:197
2026-05-25 00:10:54, MOVE, v:1, k:ed@multiset, mode:EDIT
2026-05-25 00:17:36, MOVE, v:1, k:ed@multiset, mode:PICK
2026-05-25 00:17:37, EXEC, v:1, k:ed@multiset, mode:FULL, rate:0, size:196
2026-05-25 00:17:37, EXEC, v:1, k:ed@multiset, mode:FULL, rate:0, size:196
2026-05-25 00:17:38, EXEC, v:1, k:ed@multiset, mode:FULL, rate:0, size:196
2026-05-25 00:17:38, EXEC, v:1, k:ed@multiset, mode:FULL, rate:0
2026-05-25 00:17:38, EXEC, v:1, k:ed@multiset, mode:FULL, rate:0
2026-05-25 00:17:38, EXEC, v:1, k:ed@multiset, mode:FULL, rate:0
2026-05-25 00:17:38, EXEC, v:1, k:ed@multiset, mode:FULL, rate:0
2026-05-25 00:17:38, EXEC, v:1, k:ed@multiset, mode:FULL, rate:0
2026-05-25 00:17:39, EXEC, v:1, k:ed@multiset, mode:FULL, rate:0
2026-05-25 00:17:39, EXEC, v:1, k:ed@multiset, mode:FULL, rate:0
2026-05-25 00:17:39, EXEC, v:1, k:ed@multiset, mode:FULL, rate:0
2026-05-25 00:17:39, EXEC, v:1, k:ed@multiset, mode:FULL, rate:0
2026-05-25 00:17:39, EXEC, v:1, k:ed@multiset, mode:FULL, rate:0
2026-05-25 00:17:39, EXEC, v:1, k:ed@multiset, mode:FULL, rate:0
2026-05-25 00:17:40, EXEC, v:1, k:ed@multiset, mode:FULL, rate:0
2026-05-25 00:17:40, EXEC, v:1, k:ed@multiset, mode:FULL, rate:0
2026-05-25 00:17:40, EXEC, v:1, k:ed@multiset, mode:FULL, rate:0
2026-05-25 00:17:40, EXEC, v:1, k:ed@multiset, mode:FULL, rate:0
2026-05-25 00:17:40, EXEC, v:1, k:ed@multiset, mode:FULL, rate:0
2026-05-25 00:17:41, EXEC, v:1, k:ed@multiset, mode:FULL, rate:0
2026-05-25 00:17:45, EXEC, v:1, k:ed@multiset, mode:FULL, rate:0
2026-05-25 00:19:09, EXEC, v:1, k:ed@multiset, mode:FULL, rate:0, size:196
2026-05-25 00:19:09, MOVE, v:1, k:ed@multiset, mode:BACK
2026-05-25 00:19:37, MOVE, v:1, k:ed@multiset, mode:PICK
2026-05-25 00:19:38, EXEC, v:1, k:ed@multiset, mode:FULL, rate:0, size:196
2026-05-25 00:20:06, EXEC, v:1, k:ed@multiset, mode:FULL, rate:0, size:198
2026-05-25 00:21:22, EXEC, v:1, k:ed@multiset, mode:FULL, rate:0, size:199
2026-05-25 00:21:18, MOVE, v:1, k:ed@multiset, mode:EDIT
2026-05-25 00:26:01, EXEC, v:1, k:ed@multiset, mode:FULL, rate:0, size:203
2026-05-25 00:26:12, EXEC, v:1, k:ed@multiset, mode:FULL, rate:0, size:203
2026-05-25 00:26:31, MOVE, v:1, k:ed@multiset, mode:EDIT
2026-05-25 00:26:37, EXEC, v:1, k:ed@multiset, mode:FULL, rate:0, size:201
2026-05-25 00:26:43, EXEC, v:1, k:ed@multiset, mode:FULL, rate:0, size:202
2026-05-25 00:26:55, EXEC, v:1, k:ed@multiset, mode:FULL, rate:0, size:202
2026-05-25 00:27:06, EXEC, v:1, k:ed@multiset, mode:FULL, rate:0, size:202
2026-05-25 00:27:12, EXEC, v:1, k:ed@multiset, mode:FULL, rate:0, size:202
