2026-05-13 08:06:20, MOVE, v:1, k:ed@setbuild, mode:PICK
2026-05-13 08:06:21, EXEC, v:1, k:ed@setbuild, mode:FULL, rate:0, size:116
2026-05-13 08:07:47, EXEC, v:1, k:ed@setbuild, mode:FULL, rate:0, size:114
2026-05-13 08:09:01, MOVE, v:1, k:ed@setbuild, mode:EDIT
2026-05-13 08:15:49, MOVE, v:1, k:ed@setbuild, mode:EDIT
2026-05-13 08:20:42, MOVE, v:1, k:ed@setbuild, mode:EDIT
2026-05-13 08:17:58, MOVE, v:1, k:ed@vetbuild, mode:EDIT
2026-05-13 08:22:41, MOVE, v:1, k:ed@setbuild, mode:EDIT
2026-05-13 08:41:04, MOVE, v:1, k:ed@setbuild, mode:EDIT
2026-05-13 08:45:17, EXEC, v:1, k:ed@setbuild, mode:FULL, rate:0, size:113
2026-05-13 08:45:14, MOVE, v:1, k:ed@setbuild, mode:EDIT
2026-05-13 09:27:51, MOVE, v:1, k:ed@setbuild, mode:BACK
2026-05-13 09:29:11, MOVE, v:1, k:ed@setbuild, mode:PICK
2026-05-13 09:29:14, EXEC, v:1, k:ed@setbuild, mode:FULL, rate:0, size:127
2026-05-13 14:29:51, MOVE, v:1, k:ed@setbuild, mode:PICK
2026-05-13 14:29:53, EXEC, v:1, k:ed@setbuild, mode:FULL, rate:0, size:130
2026-05-13 14:32:05, EXEC, v:1, k:ed@setbuild, mode:FULL, size:140, fail:COMP
2026-05-13 14:32:41, EXEC, v:1, k:ed@setbuild, mode:FULL, size:141, fail:COMP
2026-05-13 14:33:19, EXEC, v:1, k:ed@setbuild, mode:FULL, size:142, fail:COMP
2026-05-13 14:33:27, EXEC, v:1, k:ed@setbuild, mode:FULL, rate:0, size:141
2026-05-13 14:33:39, EXEC, v:1, k:ed@setbuild, mode:FULL, rate:0, size:140
2026-05-13 14:34:21, MOVE, v:1, k:ed@setbuild, mode:EDIT
2026-05-13 14:34:38, MOVE, v:1, k:ed@setbuild, mode:BACK
2026-05-13 14:38:27, MOVE, v:1, k:ed@setbuild, mode:PICK
2026-05-13 14:38:28, EXEC, v:1, k:ed@setbuild, mode:FULL, rate:0, size:141
2026-05-13 14:39:23, EXEC, v:1, k:ed@setbuild, mode:FULL, rate:0, size:141
2026-05-13 14:40:24, EXEC, v:1, k:ed@setbuild, mode:FULL, rate:0, size:142
2026-05-13 14:40:45, EXEC, v:1, k:ed@setbuild, mode:FULL, rate:0, size:142
2026-05-13 14:41:07, EXEC, v:1, k:ed@setbuild, mode:FULL, rate:0, size:142
2026-05-13 14:42:24, EXEC, v:1, k:ed@setbuild, mode:FULL, rate:0, size:144
2026-05-13 14:42:35, EXEC, v:1, k:ed@setbuild, mode:FULL, rate:0, size:144
2026-05-13 14:42:42, EXEC, v:1, k:ed@setbuild, mode:FULL, rate:0, size:144
2026-05-13 14:42:42, MOVE, v:1, k:ed@setbuild, mode:EDIT
2026-05-13 14:46:47, EXEC, v:1, k:ed@setbuild, mode:FULL, rate:0, size:144
2026-05-13 14:47:05, EXEC, v:1, k:ed@setbuild, mode:FULL, rate:0, size:144
2026-05-13 14:47:54, EXEC, v:1, k:ed@setbuild, mode:FULL, rate:0, size:144
2026-05-13 14:48:25, MOVE, v:1, k:ed@setbuild, mode:EDIT
2026-05-13 14:49:23, EXEC, v:1, k:ed@setbuild, mode:FULL, rate:0, size:144
2026-05-13 14:52:08, EXEC, v:1, k:ed@setbuild, mode:FULL, rate:0, size:168
2026-05-13 14:52:54, MOVE, v:1, k:ed@setbuild, mode:EDIT
2026-05-13 14:54:50, EXEC, v:1, k:ed@setbuild, mode:FULL, rate:0, size:145
2026-05-13 14:57:48, EXEC, v:1, k:ed@setbuild, mode:FULL, rate:0, size:143
2026-05-13 14:57:46, MOVE, v:1, k:ed@setbuild, mode:EDIT
2026-05-13 15:00:27, EXEC, v:1, k:ed@setbuild, mode:FULL, rate:0, size:143
2026-05-13 15:00:20, MOVE, v:1, k:ed@setbuild, mode:EDIT
2026-05-13 15:12:25, MOVE, v:1, k:ed@setbuild, mode:EDIT
2026-05-13 15:16:26, EXEC, v:1, k:ed@setbuild, mode:FULL, rate:0, size:143
2026-05-13 15:16:32, EXEC, v:1, k:ed@setbuild, mode:FULL, rate:0, size:143
2026-05-13 15:18:16, EXEC, v:1, k:ed@setbuild, mode:FULL, rate:0, size:145
2026-05-13 15:18:13, MOVE, v:1, k:ed@setbuild, mode:EDIT
2026-05-13 15:18:58, EXEC, v:1, k:ed@setbuild, mode:FULL, rate:0, size:145
2026-05-13 15:20:41, EXEC, v:1, k:ed@setbuild, mode:FULL, rate:0, size:145
2026-05-13 15:20:44, EXEC, v:1, k:ed@setbuild, mode:FULL, rate:0, size:145
2026-05-13 15:22:48, EXEC, v:1, k:ed@setbuild, mode:FULL, rate:0, size:145
2026-05-13 15:23:04, EXEC, v:1, k:ed@setbuild, mode:FULL, rate:0, size:145
2026-05-13 15:23:24, EXEC, v:1, k:ed@setbuild, mode:FULL, rate:0, size:143
2026-05-13 15:23:24, MOVE, v:1, k:ed@setbuild, mode:EDIT
2026-05-13 15:23:58, EXEC, v:1, k:ed@setbuild, mode:FULL, rate:0, size:143
2026-05-13 15:27:08, EXEC, v:1, k:ed@setbuild, mode:FULL, rate:0, size:146
2026-05-13 15:27:02, MOVE, v:1, k:ed@setbuild, mode:EDIT
2026-05-13 15:29:50, EXEC, v:1, k:ed@setbuild, mode:FULL, rate:0
2026-05-13 15:30:01, EXEC, v:1, k:ed@setbuild, mode:FULL, rate:0, size:145
2026-05-13 15:30:00, MOVE, v:1, k:ed@setbuild, mode:EDIT
2026-05-13 16:02:27, EXEC, v:1, k:ed@setbuild, mode:FULL, size:139, fail:COMP
2026-05-13 16:02:30, EXEC, v:1, k:ed@setbuild, mode:FULL, fail:COMP
2026-05-13 16:02:35, EXEC, v:1, k:ed@setbuild, mode:FULL, rate:0, size:139
2026-05-13 16:02:35, MOVE, v:1, k:ed@setbuild, mode:EDIT
2026-05-13 16:03:21, EXEC, v:1, k:ed@setbuild, mode:FULL, rate:0, size:141
2026-05-13 16:04:41, EXEC, v:1, k:ed@setbuild, mode:FULL, rate:0, size:140
2026-05-13 16:04:38, MOVE, v:1, k:ed@setbuild, mode:EDIT
