2026-05-18 09:38:17, MOVE, v:1, k:ed@setbuild, mode:PICK
2026-05-18 09:38:20, EXEC, v:1, k:ed@setbuild, mode:FULL, rate:0
2026-05-18 09:39:09, EXEC, v:1, k:ed@setbuild, mode:FULL, rate:0, size:140
2026-05-18 09:40:41, EXEC, v:1, k:ed@setbuild, mode:FULL, rate:0, size:140
2026-05-18 09:40:41, MOVE, v:1, k:ed@setbuild, mode:EDIT
2026-05-18 09:44:56, EXEC, v:1, k:ed@setbuild, mode:FULL, rate:0, size:139
2026-05-18 09:45:58, EXEC, v:1, k:ed@setbuild, mode:FULL, rate:0, size:140
2026-05-18 09:46:14, EXEC, v:1, k:ed@setbuild, mode:FULL, rate:0
2026-05-18 09:46:42, EXEC, v:1, k:ed@setbuild, mode:FULL, rate:0, size:142
2026-05-18 09:47:09, EXEC, v:1, k:ed@setbuild, mode:FULL, rate:0, size:144
2026-05-18 09:47:09, MOVE, v:1, k:ed@setbuild, mode:EDIT
2026-05-18 09:49:18, EXEC, v:1, k:ed@setbuild, mode:FULL, rate:0, size:143
2026-05-18 09:49:19, EXEC, v:1, k:ed@setbuild, mode:FULL, rate:0
2026-05-18 09:50:44, EXEC, v:1, k:ed@setbuild, mode:FULL, rate:0, size:142
2026-05-18 09:51:02, MOVE, v:1, k:ed@setbuild, mode:BACK
2026-05-18 09:51:57, MOVE, v:1, k:ed@setbuild, mode:PICK
2026-05-18 09:51:58, EXEC, v:1, k:ed@setbuild, mode:FULL, rate:0, size:141
2026-05-18 09:52:36, EXEC, v:1, k:ed@setbuild, mode:FULL, rate:0, size:141
2026-05-18 09:52:35, MOVE, v:1, k:ed@setbuild, mode:EDIT
2026-05-18 09:53:20, EXEC, v:1, k:ed@setbuild, mode:FULL, rate:0, size:143
2026-05-18 09:54:08, EXEC, v:1, k:ed@setbuild, mode:FULL, rate:0, size:141
2026-05-18 09:55:26, MOVE, v:1, k:ed@setbuild, mode:BACK
2026-05-18 09:56:06, MOVE, v:1, k:ed@setbuild, mode:PICK
2026-05-18 09:56:07, EXEC, v:1, k:ed@setbuild, mode:FULL, rate:0, size:144
2026-05-18 09:56:14, MOVE, v:1, k:ed@setbuild, mode:BACK
2026-05-18 09:56:30, MOVE, v:1, k:ed@setbuild, mode:PICK
2026-05-18 09:56:31, EXEC, v:1, k:ed@setbuild, mode:FULL, rate:0, size:145
2026-05-18 09:57:27, MOVE, v:1, k:ed@setbuild, mode:EDIT
2026-05-18 10:02:38, MOVE, v:1, k:ed@setbuild, mode:EDIT
2026-05-18 19:14:47, MOVE, v:1, k:ed@setbuild, mode:PICK
2026-05-18 19:14:49, EXEC, v:1, k:ed@setbuild, mode:FULL, size:151, fail:COMP
2026-05-18 19:14:49, EXEC, v:1, k:ed@setbuild, mode:LOCK, size:151, fail:COMP
2026-05-18 19:14:49, EXEC, v:1, k:ed@setbuild, mode:FREE, size:151
2026-05-18 19:47:11, EXEC, v:1, k:ed@setbuild, mode:LOCK, fail:COMP
2026-05-18 19:47:22, EXEC, v:1, k:ed@setbuild, mode:LOCK, rate:0, size:150
2026-05-18 19:48:47, EXEC, v:1, k:ed@setbuild, mode:LOCK, rate:0, size:150
2026-05-18 19:49:33, EXEC, v:1, k:ed@setbuild, mode:LOCK, rate:0, size:150
2026-05-18 19:49:41, EXEC, v:1, k:ed@setbuild, mode:LOCK, rate:0
2026-05-18 19:49:32, MOVE, v:1, k:ed@setbuild, mode:EDIT
2026-05-18 19:50:15, EXEC, v:1, k:ed@setbuild, mode:LOCK, rate:0, size:150
2026-05-18 19:51:31, MOVE, v:1, k:ed@setbuild, mode:EDIT
2026-05-18 23:32:06, EXEC, v:1, k:ed@setbuild, mode:LOCK, rate:0, size:150
2026-05-18 23:32:05, MOVE, v:1, k:ed@setbuild, mode:EDIT
