2026-06-01 00:03:39, MOVE, v:1, k:ed@casais, mode:PICK
2026-06-01 00:03:40, EXEC, v:1, k:ed@casais, mode:FULL, rate:75
2026-06-01 00:03:48, MOVE, v:1, k:ed@casais, mode:BACK
2026-06-01 00:03:51, MOVE, v:1, k:ed@casais, mode:PICK
2026-06-01 00:03:53, EXEC, v:1, k:ed@casais, mode:FULL, rate:75
2026-06-01 00:07:17, EXEC, v:1, k:ed@casais, mode:FULL, rate:75, size:35
2026-06-01 00:07:18, MOVE, v:1, k:ed@casais, mode:BACK
2026-06-01 00:07:23, MOVE, v:1, k:ed@casais, mode:PICK
2026-06-01 00:07:25, EXEC, v:1, k:ed@casais, mode:FULL, rate:75
2026-06-01 00:07:58, EXEC, v:1, k:ed@casais, mode:FULL, rate:0, size:35
2026-06-01 00:07:58, MOVE, v:1, k:ed@casais, mode:BACK
2026-06-01 00:08:03, MOVE, v:1, k:ed@casais, mode:PICK
2026-06-01 00:08:04, EXEC, v:1, k:ed@casais, mode:FULL, rate:75, size:35
2026-06-01 00:08:03, MOVE, v:1, k:ed@casais, mode:EDIT
2026-06-01 00:11:46, EXEC, v:1, k:ed@casais, mode:FULL, rate:100, size:35
2026-06-01 00:11:47, MOVE, v:1, k:ed@casais, mode:BACK
2026-06-01 00:11:50, SELF, v:1, k:ed@casais, self:1, rate:100
2026-06-01 00:11:52, MOVE, v:1, k:ed@baruel, mode:PICK
2026-06-01 00:11:53, EXEC, v:1, k:ed@baruel, mode:FULL, rate:0, size:5
2026-06-01 00:11:57, MOVE, v:1, k:ed@baruel, mode:BACK
2026-06-01 00:12:14, MOVE, v:1, k:ed@baruel, mode:PICK
2026-06-01 00:12:15, EXEC, v:1, k:ed@baruel, mode:FULL, rate:0
2026-06-01 00:12:15, MOVE, v:1, k:ed@baruel, mode:BACK
2026-06-01 00:12:23, MOVE, v:1, k:ed@casais, mode:PICK
2026-06-01 00:12:24, EXEC, v:1, k:ed@casais, mode:FULL, rate:100, size:27
2026-06-01 00:12:25, MOVE, v:1, k:ed@casais, mode:BACK
2026-06-01 00:12:27, SELF, v:1, k:ed@casais, self:1, rate:100
2026-06-01 00:12:34, MOVE, v:1, k:ed@baruel, mode:PICK
2026-06-01 00:12:35, EXEC, v:1, k:ed@baruel, mode:FULL, rate:0
2026-06-01 00:12:18, MOVE, v:1, k:ed@casais, mode:EDIT
2026-06-01 00:17:12, MOVE, v:1, k:ed@baruel, mode:EDIT
2026-06-01 00:21:08, MOVE, v:1, k:ed@baruel, mode:EDIT
2026-06-01 00:25:18, EXEC, v:1, k:ed@baruel, mode:FULL, rate:0, size:30
2026-06-01 00:25:34, MOVE, v:1, k:ed@baruel, mode:BACK
2026-06-01 00:25:35, MOVE, v:1, k:ed@baruel, mode:PICK
2026-06-01 00:25:36, EXEC, v:1, k:ed@baruel, mode:FULL, rate:0
2026-06-01 00:28:03, MOVE, v:1, k:ed@baruel, mode:EDIT
2026-06-01 00:31:50, MOVE, v:1, k:ed@baruel, mode:EDIT
2026-06-01 00:33:29, MOVE, v:1, k:ed@baruel, mode:BACK
2026-06-01 00:33:43, MOVE, v:1, k:ed@vetbuild, mode:PICK
2026-06-01 00:38:22, MOVE, v:1, k:ed@baruel, mode:EDIT
2026-06-01 00:39:17, EXEC, v:1, k:ed@vetbuild, mode:FULL, rate:100
2026-06-01 00:39:18, EXEC, v:1, k:ed@vetbuild, mode:FULL, rate:100
2026-06-01 00:39:18, MOVE, v:1, k:ed@vetbuild, mode:BACK
2026-06-01 00:39:21, MOVE, v:1, k:ed@baruel, mode:PICK
2026-06-01 00:39:22, EXEC, v:1, k:ed@baruel, mode:FULL, rate:100, size:58
2026-06-01 00:39:26, MOVE, v:1, k:ed@baruel, mode:BACK
2026-06-01 00:39:30, SELF, v:1, k:ed@baruel, self:1, rate:100
2026-06-01 00:40:07, MOVE, v:1, k:ed@gomos, mode:PICK
2026-06-01 00:40:09, EXEC, v:1, k:ed@gomos, mode:FULL, rate:0, size:5
2026-06-01 00:40:16, MOVE, v:1, k:ed@gomos, mode:BACK
2026-06-01 00:40:58, SELF, v:1, k:ed@analise, self:1
2026-06-01 00:42:27, MOVE, v:1, k:ed@rotten, mode:PICK
2026-06-01 00:42:28, EXEC, v:1, k:ed@rotten, mode:FULL, rate:0
2026-06-01 00:42:30, MOVE, v:1, k:ed@rotten, mode:BACK
2026-06-01 00:42:31, MOVE, v:1, k:ed@rotten, mode:PICK
2026-06-01 11:22:01, MOVE, v:1, k:ed@wordsearch, mode:EDIT
2026-06-01 13:50:28, MOVE, v:1, k:ed@wordsearch, mode:EDIT
2026-06-01 15:49:50, MOVE, v:1, k:ed@wordsearch, mode:EDIT
2026-06-01 15:55:44, MOVE, v:1, k:ed@ilhas, mode:DOWN
2026-06-01 15:55:45, MOVE, v:1, k:ed@ilhas, mode:PICK
2026-06-01 15:55:55, EXEC, v:1, k:ed@ilhas, mode:FULL, size:31, fail:COMP
2026-06-01 15:55:59, MOVE, v:1, k:ed@ilhas, mode:BACK
2026-06-01 15:56:00, MOVE, v:1, k:ed@ilhas, mode:PICK
2026-06-01 15:55:44, MOVE, v:1, k:ed@ilhas, mode:EDIT
2026-06-01 15:55:44, MOVE, v:1, k:ed@ilhas, mode:EDIT
2026-06-01 15:55:44, MOVE, v:1, k:ed@ilhas, mode:EDIT
2026-06-01 15:55:44, MOVE, v:1, k:ed@ilhas, mode:EDIT
2026-06-01 15:55:44, MOVE, v:1, k:ed@ilhas, mode:EDIT
2026-06-01 15:55:44, MOVE, v:1, k:ed@ilhas, mode:EDIT
2026-06-01 16:01:20, MOVE, v:1, k:ed@ilhas, mode:EDIT
2026-06-01 16:03:54, MOVE, v:1, k:ed@ilhas, mode:EDIT
2026-06-01 16:06:13, MOVE, v:1, k:ed@ilhas, mode:EDIT
2026-06-01 16:08:53, MOVE, v:1, k:ed@ilhas, mode:EDIT
2026-06-01 16:09:59, MOVE, v:1, k:ed@ilhas, mode:EDIT
2026-06-01 16:13:44, MOVE, v:1, k:ed@ilhas, mode:EDIT
2026-06-01 16:14:51, EXEC, v:1, k:ed@ilhas, mode:FULL, rate:0, size:51
2026-06-01 16:16:22, MOVE, v:1, k:ed@ilhas, mode:EDIT
2026-06-01 16:16:27, EXEC, v:1, k:ed@ilhas, mode:FULL, rate:0, size:52
2026-06-01 16:16:39, EXEC, v:1, k:ed@ilhas, mode:FULL, rate:0, size:52
2026-06-01 16:17:01, EXEC, v:1, k:ed@ilhas, mode:FULL, rate:0, size:52
2026-06-01 16:18:06, EXEC, v:1, k:ed@ilhas, mode:FULL, rate:0, size:52
2026-06-01 16:18:16, EXEC, v:1, k:ed@ilhas, mode:FULL, rate:100, size:52
2026-06-01 16:18:51, EXEC, v:1, k:ed@ilhas, mode:FULL, rate:100, size:53
2026-06-01 16:18:48, MOVE, v:1, k:ed@ilhas, mode:EDIT
2026-06-01 16:19:55, MOVE, v:1, k:ed@ilhas, mode:BACK
2026-06-01 16:20:00, MOVE, v:1, k:ed@ilhas, mode:PICK
2026-06-01 16:20:01, EXEC, v:1, k:ed@ilhas, mode:FULL, rate:100, size:51
2026-06-01 16:20:01, MOVE, v:1, k:ed@ilhas, mode:BACK
2026-06-01 16:19:55, MOVE, v:1, k:ed@ilhas, mode:EDIT
2026-06-01 16:21:31, SELF, v:1, k:ed@ilhas, self:1, rate:100, study:20
