2026-03-31 12:21:34, MOVE, v:1, k:ed@apagando, mode:PICK
2026-03-31 12:21:38, MOVE, v:1, k:ed@apagando, mode:BACK
2026-03-31 12:25:54, MOVE, v:1, k:ed@princesa, mode:PICK
2026-03-31 12:25:54, EXEC, v:1, k:ed@princesa, mode:FULL, rate:100, size:44
2026-03-31 12:25:55, MOVE, v:1, k:ed@princesa, mode:BACK
2026-03-31 12:26:55, MOVE, v:1, k:ed@fractais_png, mode:DOWN
2026-03-31 12:26:56, MOVE, v:1, k:ed@fractais_png, mode:PICK
2026-03-31 12:26:57, EXEC, v:1, k:ed@fractais_png, mode:FULL, size:136, fail:COMP
2026-03-31 12:26:59, EXEC, v:1, k:ed@fractais_png, mode:FULL, fail:COMP
2026-03-31 12:27:02, MOVE, v:1, k:ed@fractais_png, mode:BACK
2026-03-31 12:27:05, MOVE, v:1, k:ed@fractais_png, mode:PICK
2026-03-31 12:27:06, EXEC, v:1, k:ed@fractais_png, mode:FREE
2026-03-31 12:27:09, EXEC, v:1, k:ed@fractais_png, mode:FULL, fail:COMP
2026-03-31 12:27:09, EXEC, v:1, k:ed@fractais_png, mode:FULL, fail:COMP
2026-03-31 12:27:09, EXEC, v:1, k:ed@fractais_png, mode:FULL, fail:COMP
2026-03-31 12:27:10, MOVE, v:1, k:ed@fractais_png, mode:BACK
2026-03-31 12:27:12, MOVE, v:1, k:ed@fractais_png, mode:PICK
2026-03-31 12:27:12, MOVE, v:1, k:ed@fractais_png, mode:BACK
2026-03-31 12:27:16, MOVE, v:1, k:ed@fractais_png, mode:PICK
2026-03-31 12:27:17, EXEC, v:1, k:ed@fractais_png, mode:FREE
2026-03-31 12:55:29, MOVE, v:1, k:ed@fractais_png, mode:BACK
2026-03-31 13:10:00, MOVE, v:1, k:ed@triangulo, mode:DOWN
2026-03-31 13:10:02, MOVE, v:1, k:ed@triangulo, mode:PICK
2026-03-31 13:10:03, EXEC, v:1, k:ed@triangulo, mode:FULL, rate:0, size:47
2026-03-31 13:13:49, EXEC, v:1, k:ed@triangulo, mode:FULL, rate:0
2026-03-31 13:39:21, EXEC, v:1, k:ed@triangulo, mode:FULL, rate:0, size:58
2026-03-31 15:53:38, MOVE, v:1, k:ed@apagando, mode:PICK
2026-03-31 15:53:40, EXEC, v:1, k:ed@apagando, mode:FULL, rate:100
2026-03-31 15:53:45, MOVE, v:1, k:ed@apagando, mode:BACK
2026-03-31 15:53:48, MOVE, v:1, k:ed@princesa, mode:PICK
2026-03-31 15:53:49, EXEC, v:1, k:ed@princesa, mode:FULL, rate:100
2026-03-31 15:53:54, MOVE, v:1, k:ed@princesa, mode:BACK
2026-03-31 15:53:58, MOVE, v:1, k:ed@princesa, mode:PICK
2026-03-31 16:05:19, EXEC, v:1, k:ed@princesa, mode:FULL, rate:100
2026-03-31 16:05:20, MOVE, v:1, k:ed@princesa, mode:BACK
2026-03-31 16:17:02, MOVE, v:1, k:ed@apagando, mode:PICK
2026-03-31 16:17:02, EXEC, v:1, k:ed@apagando, mode:FULL, rate:100
2026-03-31 16:17:03, MOVE, v:1, k:ed@apagando, mode:BACK
2026-03-31 16:17:08, MOVE, v:1, k:ed@fractais_png, mode:PICK
2026-03-31 16:17:08, EXEC, v:1, k:ed@fractais_png, mode:FULL, fail:COMP
2026-03-31 16:17:11, MOVE, v:1, k:ed@fractais_png, mode:BACK
2026-03-31 16:17:11, MOVE, v:1, k:ed@triangulo, mode:PICK
2026-03-31 16:17:12, EXEC, v:1, k:ed@triangulo, mode:FULL, size:62, fail:COMP
2026-03-31 16:17:19, EXEC, v:1, k:ed@triangulo, mode:FULL, rate:0, size:56
2026-03-31 16:18:15, EXEC, v:1, k:ed@triangulo, mode:FULL, rate:0, size:58
2026-03-31 16:18:36, EXEC, v:1, k:ed@triangulo, mode:FULL, rate:0, size:59
2026-03-31 16:18:52, EXEC, v:1, k:ed@triangulo, mode:FULL, rate:0, size:60
2026-03-31 16:19:30, EXEC, v:1, k:ed@triangulo, mode:FULL, rate:0, size:62
2026-03-31 16:19:42, EXEC, v:1, k:ed@triangulo, mode:FULL, rate:0, size:61
2026-03-31 16:22:05, EXEC, v:1, k:ed@triangulo, mode:FULL, rate:0, size:61
2026-03-31 16:23:31, EXEC, v:1, k:ed@triangulo, mode:FULL, rate:0, size:58
2026-03-31 16:23:53, EXEC, v:1, k:ed@triangulo, mode:FULL, rate:0, size:58
2026-03-31 16:24:23, EXEC, v:1, k:ed@triangulo, mode:FULL, rate:0, size:58
2026-03-31 16:24:57, EXEC, v:1, k:ed@triangulo, mode:FULL, rate:0, size:60
2026-03-31 16:25:38, EXEC, v:1, k:ed@triangulo, mode:FULL, rate:0, size:59
2026-03-31 16:26:33, EXEC, v:1, k:ed@triangulo, mode:FULL, rate:0, size:59
2026-03-31 16:26:53, EXEC, v:1, k:ed@triangulo, mode:FULL, rate:0, size:59
2026-03-31 16:27:41, EXEC, v:1, k:ed@triangulo, mode:FULL, rate:0, size:59
2026-03-31 16:27:53, EXEC, v:1, k:ed@triangulo, mode:FULL, rate:0, size:59
2026-03-31 16:32:48, EXEC, v:1, k:ed@triangulo, mode:FULL, rate:0, size:63
2026-03-31 16:33:38, EXEC, v:1, k:ed@triangulo, mode:FULL, rate:0, size:63
2026-03-31 16:33:55, EXEC, v:1, k:ed@triangulo, mode:FULL, rate:0, size:64
2026-03-31 16:34:10, EXEC, v:1, k:ed@triangulo, mode:FULL, rate:0, size:62
2026-03-31 16:40:19, EXEC, v:1, k:ed@triangulo, mode:FULL, rate:0, size:62
2026-03-31 16:41:10, EXEC, v:1, k:ed@triangulo, mode:FULL, rate:0, size:58
2026-03-31 16:41:40, EXEC, v:1, k:ed@triangulo, mode:FULL, rate:0, size:58
2026-03-31 16:42:01, EXEC, v:1, k:ed@triangulo, mode:FULL, rate:0, size:58
2026-03-31 16:42:02, EXEC, v:1, k:ed@triangulo, mode:FREE
2026-03-31 16:44:43, MOVE, v:1, k:ed@triangulo, mode:PICK
2026-03-31 16:44:43, EXEC, v:1, k:ed@triangulo, mode:FULL, rate:0, size:58
2026-03-31 16:44:49, EXEC, v:1, k:ed@triangulo, mode:FULL, rate:100, size:59
2026-03-31 16:44:50, MOVE, v:1, k:ed@triangulo, mode:BACK
2026-03-31 17:03:42, MOVE, v:1, k:ed@triangulo, mode:PICK
2026-03-31 17:03:43, EXEC, v:1, k:ed@triangulo, mode:FULL, rate:100, size:60
2026-03-31 17:03:44, MOVE, v:1, k:ed@triangulo, mode:BACK
2026-03-31 17:04:35, MOVE, v:1, k:ed@triangulo, mode:PICK
2026-03-31 17:04:37, EXEC, v:1, k:ed@triangulo, mode:FULL, rate:100
2026-03-31 17:04:38, MOVE, v:1, k:ed@triangulo, mode:BACK
2026-03-31 17:05:41, SELF, v:1, k:ed@triangulo, self:1, rate:100, concept:1
2026-03-31 17:05:42, MOVE, v:1, k:ed@triangulo, mode:PICK
2026-03-31 17:05:43, EXEC, v:1, k:ed@triangulo, mode:FULL, rate:100
2026-03-31 17:05:43, MOVE, v:1, k:ed@triangulo, mode:BACK
