2026-07-04 12:36:18, MOVE, v:1, k:ed@lista_d1, mode:PICK
2026-07-04 12:36:19, EXEC, v:1, k:ed@lista_d1, mode:FULL, size:115, fail:COMP
2026-07-04 12:36:19, MOVE, v:1, k:ed@lista_d1, mode:BACK
2026-07-04 12:38:44, MOVE, v:1, k:ed@lista_d1, mode:PICK
2026-07-04 12:38:44, EXEC, v:1, k:ed@lista_d1, mode:FULL, rate:14, size:121
2026-07-04 12:39:44, EXEC, v:1, k:ed@lista_d1, mode:FULL, rate:14, size:127
2026-07-04 12:39:45, EXEC, v:1, k:ed@lista_d1, mode:FULL, rate:14
2026-07-04 12:41:02, MOVE, v:1, k:ed@lista_d1, mode:PICK
2026-07-04 12:41:02, EXEC, v:1, k:ed@lista_d1, mode:FULL, rate:57, size:127
2026-07-04 12:40:57, MOVE, v:1, k:ed@lista_d1, mode:EDIT
2026-07-04 12:44:16, EXEC, v:1, k:ed@lista_d1, mode:FULL, rate:57, size:139
2026-07-04 12:44:27, EXEC, v:1, k:ed@lista_d1, mode:FULL, rate:57
2026-07-04 12:45:12, EXEC, v:1, k:ed@lista_d1, mode:FULL, rate:57, size:139
2026-07-04 12:45:58, MOVE, v:1, k:ed@lista_d1, mode:EDIT
2026-07-04 12:45:58, MOVE, v:1, k:ed@lista_d1, mode:EDIT
2026-07-04 12:47:11, EXEC, v:1, k:ed@lista_d1, mode:FULL, rate:57, size:144
2026-07-04 12:47:17, EXEC, v:1, k:ed@lista_d1, mode:FULL, rate:57
2026-07-04 12:48:28, EXEC, v:1, k:ed@lista_d1, mode:FULL, rate:57, size:147
2026-07-04 12:49:00, EXEC, v:1, k:ed@lista_d1, mode:FULL, rate:57, size:152
2026-07-04 12:49:49, EXEC, v:1, k:ed@lista_d1, mode:FULL, rate:57, size:155
2026-07-04 12:49:48, MOVE, v:1, k:ed@lista_d1, mode:EDIT
2026-07-04 12:49:48, MOVE, v:1, k:ed@lista_d1, mode:EDIT
2026-07-04 12:51:41, EXEC, v:1, k:ed@lista_d1, mode:FULL, rate:57
2026-07-04 12:52:19, EXEC, v:1, k:ed@lista_d1, mode:FULL, rate:57, size:155
2026-07-04 12:53:54, EXEC, v:1, k:ed@lista_d1, mode:FULL, rate:57, size:156
2026-07-04 12:54:40, EXEC, v:1, k:ed@lista_d1, mode:FULL, rate:100, size:155
2026-07-04 12:54:52, EXEC, v:1, k:ed@lista_d1, mode:FULL, rate:100
2026-07-04 12:55:20, MOVE, v:1, k:ed@lista_d1, mode:BACK
2026-07-04 12:55:23, SELF, v:1, k:ed@lista_d1, self:1, rate:100
2026-07-04 12:55:26, MOVE, v:1, k:ed@lista_d2, mode:PICK
2026-07-04 12:55:27, EXEC, v:1, k:ed@lista_d2, mode:FULL, rate:0, size:93
2026-07-04 12:55:32, MOVE, v:1, k:ed@lista_d2, mode:BACK
2026-07-04 12:55:43, SELF, v:1, k:ed@lista_d1, self:1, rate:100, study:10
2026-07-04 12:54:39, MOVE, v:1, k:ed@lista_d1, mode:EDIT
2026-07-04 12:57:50, EXEC, v:1, k:ed@lista_d1, mode:FULL, rate:100
2026-07-04 12:57:51, MOVE, v:1, k:ed@lista_d1, mode:BACK
2026-07-04 12:57:53, MOVE, v:1, k:ed@lista_d2, mode:PICK
2026-07-04 12:57:54, EXEC, v:1, k:ed@lista_d2, mode:FULL, rate:0
2026-07-04 12:57:59, EXEC, v:1, k:ed@lista_d2, mode:FULL, rate:0
2026-07-04 12:58:00, MOVE, v:1, k:ed@lista_d2, mode:BACK
2026-07-04 12:58:07, MOVE, v:1, k:ed@lista_d4, mode:PICK
2026-07-04 12:58:07, EXEC, v:1, k:ed@lista_d4, mode:FULL, rate:0, size:124
2026-07-04 12:58:12, EXEC, v:1, k:ed@lista_d4, mode:FULL, rate:0
2026-07-04 12:58:13, MOVE, v:1, k:ed@lista_d4, mode:BACK
2026-07-04 13:04:26, MOVE, v:1, k:ed@lista_d2, mode:PICK
2026-07-04 13:04:26, EXEC, v:1, k:ed@lista_d2, mode:FULL, rate:0
2026-07-04 13:05:36, MOVE, v:1, k:ed@lista_d2, mode:EDIT
2026-07-04 13:07:41, MOVE, v:1, k:ed@lista_d2, mode:EDIT
2026-07-04 13:08:15, MOVE, v:1, k:ed@lista_d1, mode:EDIT
2026-07-04 13:25:43, MOVE, v:1, k:ed@lista_d2, mode:EDIT
2026-07-04 13:26:05, MOVE, v:1, k:ed@lista_d2, mode:EDIT
2026-07-04 13:38:43, MOVE, v:1, k:ed@lista_d2, mode:EDIT
2026-07-04 13:45:47, MOVE, v:1, k:ed@lista_d2, mode:EDIT
2026-07-04 13:50:43, MOVE, v:1, k:ed@lista_d2, mode:EDIT
2026-07-04 13:47:13, MOVE, v:1, k:ed@lista_d1, mode:EDIT
2026-07-04 13:53:08, EXEC, v:1, k:ed@lista_d2, mode:FULL, size:193, fail:COMP
2026-07-04 13:54:40, MOVE, v:1, k:ed@lista_d2, mode:EDIT
2026-07-04 13:59:45, EXEC, v:1, k:ed@lista_d2, mode:FULL, rate:20, size:205
2026-07-04 14:00:48, MOVE, v:1, k:ed@lista_d2, mode:EDIT
2026-07-04 14:02:48, EXEC, v:1, k:ed@lista_d2, mode:FULL, size:210, fail:COMP
2026-07-04 14:05:46, MOVE, v:1, k:ed@lista_d2, mode:EDIT
2026-07-04 14:09:08, EXEC, v:1, k:ed@lista_d2, mode:FULL, rate:80, size:226
2026-07-04 14:10:41, MOVE, v:1, k:ed@lista_d2, mode:EDIT
2026-07-04 14:11:42, EXEC, v:1, k:ed@lista_d2, mode:FULL, rate:100, size:233
2026-07-04 14:11:42, MOVE, v:1, k:ed@lista_d2, mode:BACK
2026-07-04 14:11:44, MOVE, v:1, k:ed@lista_d2, mode:PICK
2026-07-04 14:11:44, MOVE, v:1, k:ed@lista_d2, mode:BACK
2026-07-04 14:11:44, MOVE, v:1, k:ed@lista_d2, mode:PICK
2026-07-04 14:11:45, MOVE, v:1, k:ed@lista_d2, mode:BACK
2026-07-04 14:11:47, SELF, v:1, k:ed@lista_d2, self:1, rate:100
2026-07-04 14:11:55, MOVE, v:1, k:ed@lista_d2, mode:PICK
2026-07-04 14:11:56, EXEC, v:1, k:ed@lista_d2, mode:FULL, rate:100
2026-07-04 14:11:57, MOVE, v:1, k:ed@lista_d2, mode:BACK
