2026-05-28 08:12:19, MOVE, v:1, k:ed@editorint, mode:PICK
2026-05-28 08:12:24, EXEC, v:1, k:ed@editorint, mode:LOCK, rate:100, size:357
2026-05-28 08:12:25, MOVE, v:1, k:ed@editorint, mode:BACK
2026-05-28 08:12:30, SELF, v:1, k:ed@editorint, self:1
2026-05-28 08:12:48, MOVE, v:1, k:ed@prin_list1, mode:PICK
2026-05-28 08:12:49, EXEC, v:1, k:ed@prin_list1, mode:FULL, fail:COMP
2026-05-28 08:12:51, EXEC, v:1, k:ed@prin_list1, mode:FULL, fail:COMP
2026-05-28 08:12:54, MOVE, v:1, k:ed@prin_list1, mode:BACK
2026-05-28 08:12:57, MOVE, v:1, k:ed@prin_list1, mode:PICK
2026-05-28 10:31:26, EXEC, v:1, k:ed@prin_list1, mode:FULL, fail:COMP
2026-05-28 10:31:27, MOVE, v:1, k:ed@prin_list1, mode:BACK
2026-05-28 10:33:50, MOVE, v:1, k:ed@caminho, mode:DOWN
2026-05-28 10:33:53, MOVE, v:1, k:ed@detonate, mode:DOWN
2026-05-28 10:33:54, MOVE, v:1, k:ed@escapeSpread, mode:DOWN
2026-05-28 10:33:56, MOVE, v:1, k:ed@rotten, mode:DOWN
2026-05-28 10:33:59, MOVE, v:1, k:ed@rotten, mode:PICK
2026-05-28 10:34:01, EXEC, v:1, k:ed@rotten, mode:FULL, rate:0, size:5
2026-05-28 10:33:50, MOVE, v:1, k:ed@caminho, mode:EDIT
2026-05-28 10:33:50, MOVE, v:1, k:ed@caminho, mode:EDIT
2026-05-28 10:33:50, MOVE, v:1, k:ed@caminho, mode:EDIT
2026-05-28 10:33:50, MOVE, v:1, k:ed@caminho, mode:EDIT
2026-05-28 10:33:53, MOVE, v:1, k:ed@detonate, mode:EDIT
2026-05-28 10:33:53, MOVE, v:1, k:ed@detonate, mode:EDIT
2026-05-28 10:33:53, MOVE, v:1, k:ed@detonate, mode:EDIT
2026-05-28 10:33:54, MOVE, v:1, k:ed@escapeSpread, mode:EDIT
2026-05-28 10:33:54, MOVE, v:1, k:ed@escapeSpread, mode:EDIT
2026-05-28 10:33:54, MOVE, v:1, k:ed@escapeSpread, mode:EDIT
2026-05-28 10:33:56, MOVE, v:1, k:ed@rotten, mode:EDIT
2026-05-28 10:33:56, MOVE, v:1, k:ed@rotten, mode:EDIT
2026-05-28 10:33:56, MOVE, v:1, k:ed@rotten, mode:EDIT
2026-05-28 10:35:36, MOVE, v:1, k:ed@rotten, mode:BACK
2026-05-28 10:36:09, MOVE, v:1, k:ed@queimada, mode:PICK
2026-05-28 10:36:10, EXEC, v:1, k:ed@queimada, mode:FULL, rate:14
2026-05-28 10:36:28, MOVE, v:1, k:ed@queimada, mode:BACK
2026-05-28 10:36:21, MOVE, v:1, k:ed@queimada, mode:EDIT
