2026-03-19 11:37:08, MOVE, v:1, k:ed@princesa, mode:PICK
2026-03-19 11:38:19, MOVE, v:1, k:ed@princesa, mode:PICK
2026-03-19 11:38:20, EXEC, v:1, k:ed@princesa, mode:FULL, rate:0
2026-03-19 11:49:05, EXEC, v:1, k:ed@princesa, mode:FULL, rate:0, size:48
2026-03-19 11:49:32, MOVE, v:1, k:ed@princesa, mode:BACK
2026-03-19 11:49:34, MOVE, v:1, k:ed@princesa, mode:PICK
2026-03-19 13:21:13, EXEC, v:1, k:ed@princesa, mode:FULL, rate:0
2026-03-19 13:24:05, EXEC, v:1, k:ed@princesa, mode:FULL, size:48, fail:COMP
2026-03-19 13:24:13, EXEC, v:1, k:ed@princesa, mode:FULL, rate:0, size:48
2026-03-19 13:24:38, EXEC, v:1, k:ed@princesa, mode:FULL, rate:0, size:47
2026-03-19 13:25:29, EXEC, v:1, k:ed@princesa, mode:FULL, rate:0, size:47
2026-03-19 13:25:34, EXEC, v:1, k:ed@princesa, mode:FULL, rate:0, size:47
2026-03-19 13:25:48, EXEC, v:1, k:ed@princesa, mode:FULL, rate:0, size:47
2026-03-19 13:26:38, MOVE, v:1, k:ed@princesa, mode:PICK
2026-03-19 13:26:38, EXEC, v:1, k:ed@princesa, mode:FULL, rate:0
2026-03-19 13:28:01, EXEC, v:1, k:ed@princesa, mode:FULL, rate:0, size:47
2026-03-19 13:29:56, EXEC, v:1, k:ed@princesa, mode:FULL, rate:0
2026-03-19 13:36:22, EXEC, v:1, k:ed@princesa, mode:FULL, rate:0, size:50
2026-03-19 13:38:11, EXEC, v:1, k:ed@princesa, mode:FULL, rate:0, size:47
2026-03-19 13:40:03, EXEC, v:1, k:ed@princesa, mode:FULL, rate:0, size:48
2026-03-19 13:41:03, EXEC, v:1, k:ed@princesa, mode:FULL, rate:0, size:48
2026-03-19 13:41:45, EXEC, v:1, k:ed@princesa, mode:FULL, rate:0, size:49
2026-03-19 13:45:41, EXEC, v:1, k:ed@princesa, mode:FULL, rate:0, size:53
2026-03-19 14:30:40, MOVE, v:1, k:ed@princesa, mode:BACK
