2026-05-19 11:09:00, MOVE, v:1, k:ed@setbuild, mode:EDIT
2026-05-19 11:10:42, EXEC, v:1, k:ed@setbuild, mode:LOCK, rate:0, size:150
2026-05-19 11:11:10, EXEC, v:1, k:ed@setbuild, mode:LOCK, rate:0, size:150
2026-05-19 11:11:26, EXEC, v:1, k:ed@setbuild, mode:LOCK, rate:0, size:150
2026-05-19 11:12:38, EXEC, v:1, k:ed@setbuild, mode:FULL, rate:0
2026-05-19 11:13:03, EXEC, v:1, k:ed@setbuild, mode:FULL, rate:33, size:150
2026-05-19 11:13:58, MOVE, v:1, k:ed@setbuild, mode:EDIT
2026-05-19 16:34:36, MOVE, v:1, k:ed@vetbuild, mode:PICK
2026-05-19 16:34:38, EXEC, v:1, k:ed@vetbuild, mode:FULL, rate:100, size:278
2026-05-19 16:34:44, EXEC, v:1, k:ed@vetbuild, mode:FREE
2026-05-19 16:36:26, MOVE, v:1, k:ed@vetbuild, mode:PICK
2026-05-19 16:36:27, MOVE, v:1, k:ed@vetbuild, mode:BACK
2026-05-19 16:40:54, MOVE, v:1, k:ed@vetbuild, mode:PICK
2026-05-19 16:41:07, EXEC, v:1, k:ed@vetbuild, mode:FULL, rate:100, size:279
2026-05-19 16:41:05, MOVE, v:1, k:ed@vetbuild, mode:EDIT
2026-05-19 16:41:38, MOVE, v:1, k:ed@vetbuild, mode:EDIT
2026-05-19 16:43:58, MOVE, v:1, k:ed@vetbuild, mode:BACK
2026-05-19 16:44:00, MOVE, v:1, k:ed@setbuild, mode:PICK
2026-05-19 16:44:01, EXEC, v:1, k:ed@setbuild, mode:FULL, rate:33, size:156
2026-05-19 16:44:01, EXEC, v:1, k:ed@setbuild, mode:FULL, rate:33, size:156
2026-05-19 16:45:51, EXEC, v:1, k:ed@vetbuild, mode:FULL, rate:100, size:278
2026-05-19 16:45:52, MOVE, v:1, k:ed@vetbuild, mode:BACK
2026-05-19 16:45:53, MOVE, v:1, k:ed@setbuild, mode:PICK
2026-05-19 16:45:54, EXEC, v:1, k:ed@setbuild, mode:FULL, rate:0, size:153
2026-05-19 16:46:03, EXEC, v:1, k:ed@setbuild, mode:FULL, rate:0
2026-05-19 16:41:38, MOVE, v:1, k:ed@vetbuild, mode:EDIT
2026-05-19 16:45:46, MOVE, v:1, k:ed@setbuild, mode:EDIT
2026-05-19 16:48:16, MOVE, v:1, k:ed@setbuild, mode:EDIT
2026-05-19 16:48:38, MOVE, v:1, k:ed@setbuild, mode:EDIT
2026-05-19 16:53:13, EXEC, v:1, k:ed@setbuild, mode:FULL, rate:0, size:165
2026-05-19 16:52:59, MOVE, v:1, k:ed@setbuild, mode:EDIT
2026-05-19 16:53:36, EXEC, v:1, k:ed@setbuild, mode:FULL, rate:0, size:165
2026-05-19 16:56:14, MOVE, v:1, k:ed@setbuild, mode:EDIT
2026-05-19 16:58:12, MOVE, v:1, k:ed@setbuild, mode:EDIT
2026-05-19 17:01:21, MOVE, v:1, k:ed@setbuild, mode:EDIT
2026-05-19 17:02:26, MOVE, v:1, k:ed@setbuild, mode:EDIT
2026-05-19 17:05:00, EXEC, v:1, k:ed@setbuild, mode:FULL, size:168, fail:COMP
2026-05-19 17:05:13, EXEC, v:1, k:ed@setbuild, mode:FULL, rate:0, size:168
2026-05-19 17:05:49, EXEC, v:1, k:ed@setbuild, mode:FULL, rate:0, size:170
2026-05-19 17:05:54, EXEC, v:1, k:ed@setbuild, mode:FULL, rate:0
2026-05-19 17:05:58, EXEC, v:1, k:ed@setbuild, mode:FULL, rate:0
2026-05-19 17:06:12, EXEC, v:1, k:ed@setbuild, mode:FULL, rate:0
2026-05-19 17:06:23, MOVE, v:1, k:ed@setbuild, mode:EDIT
2026-05-19 17:06:23, MOVE, v:1, k:ed@setbuild, mode:EDIT
2026-05-19 22:25:52, MOVE, v:1, k:ed@setbuild, mode:PICK
2026-05-19 22:25:53, EXEC, v:1, k:ed@setbuild, mode:FULL, size:182, fail:COMP
2026-05-19 22:27:15, EXEC, v:1, k:ed@setbuild, mode:FULL, rate:66, size:174
2026-05-19 22:28:45, EXEC, v:1, k:ed@setbuild, mode:FULL, rate:66, size:174
2026-05-19 22:29:43, MOVE, v:1, k:ed@setbuild, mode:EDIT
2026-05-19 22:34:49, MOVE, v:1, k:ed@setbuild, mode:EDIT
2026-05-19 22:50:46, MOVE, v:1, k:ed@setbuild, mode:EDIT
2026-05-19 22:53:11, EXEC, v:1, k:ed@setbuild, mode:FULL, rate:66, size:193
2026-05-19 22:53:37, EXEC, v:1, k:ed@setbuild, mode:FULL, rate:66, size:192
2026-05-19 22:54:44, EXEC, v:1, k:ed@setbuild, mode:FULL, rate:66, size:189
2026-05-19 22:55:02, EXEC, v:1, k:ed@setbuild, mode:FULL, rate:66, size:189
2026-05-19 22:55:22, EXEC, v:1, k:ed@setbuild, mode:FULL, rate:66, size:189
2026-05-19 22:55:27, MOVE, v:1, k:ed@setbuild, mode:EDIT
2026-05-19 23:00:41, EXEC, v:1, k:ed@setbuild, mode:FULL, rate:66, size:188
2026-05-19 23:00:39, MOVE, v:1, k:ed@setbuild, mode:EDIT
2026-05-19 23:01:04, EXEC, v:1, k:ed@setbuild, mode:FULL, rate:100, size:189
2026-05-19 23:01:05, MOVE, v:1, k:ed@setbuild, mode:BACK
2026-05-19 23:01:58, MOVE, v:1, k:ed@setbuild, mode:PICK
2026-05-19 23:02:08, EXEC, v:1, k:ed@setbuild, mode:FULL, rate:66, size:192
2026-05-19 23:02:44, EXEC, v:1, k:ed@setbuild, mode:FULL, rate:66, size:187
2026-05-19 23:02:52, EXEC, v:1, k:ed@setbuild, mode:FULL, rate:66, size:187
2026-05-19 23:02:58, EXEC, v:1, k:ed@setbuild, mode:FULL, rate:100, size:188
2026-05-19 23:03:03, MOVE, v:1, k:ed@setbuild, mode:BACK
2026-05-19 23:03:41, SELF, v:1, k:ed@setbuild, self:1, rate:100, study:10
2026-05-19 23:03:43, MOVE, v:1, k:ed@vetbuild, mode:PICK
2026-05-19 23:03:44, MOVE, v:1, k:ed@vetbuild, mode:BACK
2026-05-19 23:03:54, SELF, v:1, k:ed@vetbuild, self:1, rate:100, study:10
2026-05-19 23:03:54, MOVE, v:1, k:ed@vetbuild, mode:PICK
2026-05-19 23:03:55, EXEC, v:1, k:ed@vetbuild, mode:FULL, rate:100
2026-05-19 23:03:55, EXEC, v:1, k:ed@vetbuild, mode:FULL, rate:100
2026-05-19 23:03:56, MOVE, v:1, k:ed@vetbuild, mode:BACK
2026-05-19 23:04:25, MOVE, v:1, k:ed@bettersearch, mode:PICK
2026-05-19 23:04:25, EXEC, v:1, k:ed@bettersearch, mode:FULL, rate:18, size:33
