2026-03-16 09:18:52, MOVE, v:1, k:ed@pintando, mode:DOWN
2026-03-16 09:18:53, MOVE, v:1, k:ed@pintando, mode:PICK
2026-03-16 09:18:57, EXEC, v:1, k:ed@pintando, mode:FULL, rate:0, size:5
2026-03-16 11:15:49, EXEC, v:1, k:ed@pintando, mode:FULL, rate:0, size:19
2026-03-16 11:18:44, EXEC, v:1, k:ed@pintando, mode:FULL, rate:0, size:20
2026-03-16 11:20:45, EXEC, v:1, k:ed@pintando, mode:FULL, rate:0, size:20
2026-03-16 11:21:01, EXEC, v:1, k:ed@pintando, mode:FULL, rate:0, size:20
2026-03-16 11:22:33, EXEC, v:1, k:ed@pintando, mode:FULL, rate:0, size:21
2026-03-16 11:22:59, EXEC, v:1, k:ed@pintando, mode:FULL, rate:0, size:21
2026-03-16 11:23:10, EXEC, v:1, k:ed@pintando, mode:FULL, rate:100, size:21
2026-03-16 11:23:13, MOVE, v:1, k:ed@pintando, mode:BACK
2026-03-16 11:25:58, SELF, v:1, k:ed@pintando, self:1, rate:100
2026-03-16 11:26:00, MOVE, v:1, k:ed@mumia, mode:DOWN
2026-03-16 11:26:04, MOVE, v:1, k:ed@mumia, mode:PICK
2026-03-16 11:26:06, EXEC, v:1, k:ed@mumia, mode:FULL, rate:0, size:5
2026-03-16 11:59:51, EXEC, v:1, k:ed@mumia, mode:FULL, rate:0, size:30
2026-03-16 12:00:04, EXEC, v:1, k:ed@mumia, mode:FULL, rate:77, size:30
2026-03-16 12:00:12, EXEC, v:1, k:ed@mumia, mode:FULL, rate:100, size:30
2026-03-16 12:00:14, MOVE, v:1, k:ed@mumia, mode:BACK
2026-03-16 12:01:06, SELF, v:1, k:ed@mumia, self:1, rate:100, study:3
2026-03-16 12:01:06, MOVE, v:1, k:ed@mumia, mode:PICK
2026-03-16 12:01:06, EXEC, v:1, k:ed@mumia, mode:FULL, rate:100
2026-03-16 12:01:07, EXEC, v:1, k:ed@mumia, mode:FULL, rate:100
2026-03-16 12:01:07, EXEC, v:1, k:ed@mumia, mode:FULL, rate:100
2026-03-16 12:01:07, MOVE, v:1, k:ed@mumia, mode:BACK
