2026-03-23 11:02:57, MOVE, v:1, k:ed@apagando, mode:PICK
2026-03-23 11:02:58, EXEC, v:1, k:ed@apagando, mode:FULL, rate:0, size:22
2026-03-23 11:02:58, EXEC, v:1, k:ed@apagando, mode:FULL, rate:0, size:22
2026-03-23 11:09:00, EXEC, v:1, k:ed@apagando, mode:FULL, rate:0, size:36
2026-03-23 11:15:59, EXEC, v:1, k:ed@apagando, mode:FULL, rate:0, size:40
2026-03-23 11:16:13, EXEC, v:1, k:ed@apagando, mode:FULL, rate:33, size:40
2026-03-23 11:17:56, MOVE, v:1, k:ed@apagando, mode:BACK
2026-03-23 11:19:11, MOVE, v:1, k:ed@apagando, mode:PICK
2026-03-23 11:19:11, EXEC, v:1, k:ed@apagando, mode:FULL, rate:0, size:43
2026-03-23 11:19:22, MOVE, v:1, k:ed@apagando, mode:BACK
2026-03-23 11:19:57, MOVE, v:1, k:ed@apagando, mode:PICK
2026-03-23 11:19:58, EXEC, v:1, k:ed@apagando, mode:FULL, rate:0, size:43
2026-03-23 11:20:13, EXEC, v:1, k:ed@apagando, mode:FULL, size:40, fail:COMP
2026-03-23 11:20:22, EXEC, v:1, k:ed@apagando, mode:FULL, rate:16, size:40
2026-03-23 11:29:31, EXEC, v:1, k:ed@apagando, mode:FULL, rate:33, size:51
2026-03-23 11:30:08, EXEC, v:1, k:ed@apagando, mode:FULL, rate:0, size:52
2026-03-23 11:30:13, EXEC, v:1, k:ed@apagando, mode:FREE
2026-03-23 11:30:36, EXEC, v:1, k:ed@apagando, mode:FULL, rate:0, size:53
2026-03-23 11:31:55, EXEC, v:1, k:ed@apagando, mode:FULL, rate:0, size:56
2026-03-23 11:32:56, EXEC, v:1, k:ed@apagando, mode:FULL, rate:25, size:55
2026-03-23 11:34:32, EXEC, v:1, k:ed@apagando, mode:FULL, rate:58, size:56
2026-03-23 11:34:55, EXEC, v:1, k:ed@apagando, mode:FULL, rate:16, size:52
2026-03-23 11:35:06, EXEC, v:1, k:ed@apagando, mode:FULL, rate:25
2026-03-23 11:35:12, EXEC, v:1, k:ed@apagando, mode:FULL, rate:50
2026-03-23 11:35:18, EXEC, v:1, k:ed@apagando, mode:FULL, rate:33, size:56
2026-03-23 11:35:25, EXEC, v:1, k:ed@apagando, mode:FULL, rate:8, size:52
2026-03-23 11:42:18, EXEC, v:1, k:ed@apagando, mode:FULL, rate:16, size:50
2026-03-23 11:42:52, EXEC, v:1, k:ed@apagando, mode:FULL, rate:16, size:49
2026-03-23 11:43:36, EXEC, v:1, k:ed@apagando, mode:FULL, rate:0, size:51
2026-03-23 11:45:07, EXEC, v:1, k:ed@apagando, mode:FULL, rate:0, size:54
2026-03-23 11:45:08, EXEC, v:1, k:ed@apagando, mode:FULL, rate:0
2026-03-23 11:45:27, EXEC, v:1, k:ed@apagando, mode:FULL, rate:0
2026-03-23 11:46:21, EXEC, v:1, k:ed@apagando, mode:FULL, rate:0
2026-03-23 11:46:21, EXEC, v:1, k:ed@apagando, mode:FULL, rate:0
2026-03-23 11:46:41, EXEC, v:1, k:ed@apagando, mode:FULL, rate:0, size:53
2026-03-23 11:46:55, EXEC, v:1, k:ed@apagando, mode:FULL, rate:100, size:53
2026-03-23 11:47:29, MOVE, v:1, k:ed@apagando, mode:BACK
2026-03-23 11:47:39, SELF, v:1, k:ed@apagando, self:1, rate:100
2026-03-23 14:21:29, MOVE, v:1, k:ed@manipulacao, mode:DOWN
2026-03-23 14:21:56, MOVE, v:1, k:ed@manipulacao, mode:PICK
2026-03-23 14:21:56, EXEC, v:1, k:ed@manipulacao, mode:FULL, rate:0, size:106
2026-03-23 14:22:20, MOVE, v:1, k:ed@manipulacao, mode:BACK
2026-03-23 14:22:23, MOVE, v:1, k:ed@manipulacao, mode:PICK
2026-03-23 15:40:25, MOVE, v:1, k:ed@fuga, mode:DOWN
2026-03-23 15:40:27, MOVE, v:1, k:ed@fuga, mode:PICK
2026-03-23 15:40:28, EXEC, v:1, k:ed@fuga, mode:FULL, rate:0, size:5
2026-03-23 15:48:19, EXEC, v:1, k:ed@fuga, mode:FULL, rate:0, size:19
2026-03-23 15:51:55, EXEC, v:1, k:ed@fuga, mode:FULL, rate:0, size:29
2026-03-23 15:52:04, EXEC, v:1, k:ed@fuga, mode:FULL, rate:0
2026-03-23 15:52:10, EXEC, v:1, k:ed@fuga, mode:FULL, rate:100, size:28
2026-03-23 15:52:11, MOVE, v:1, k:ed@fuga, mode:BACK
2026-03-23 15:52:19, SELF, v:1, k:ed@fuga, self:1, rate:100
2026-03-23 15:52:20, MOVE, v:1, k:ed@pedra, mode:DOWN
2026-03-23 15:52:22, MOVE, v:1, k:ed@pedra, mode:PICK
2026-03-23 15:52:23, EXEC, v:1, k:ed@pedra, mode:FULL, rate:0, size:5
2026-03-23 16:01:43, EXEC, v:1, k:ed@pedra, mode:FULL, rate:0
2026-03-23 16:06:56, EXEC, v:1, k:ed@pedra, mode:FULL, rate:0, size:15
2026-03-23 16:07:12, EXEC, v:1, k:ed@pedra, mode:FULL, rate:0, size:15
2026-03-23 16:07:29, EXEC, v:1, k:ed@pedra, mode:FULL, rate:0, size:14
2026-03-23 16:07:56, MOVE, v:1, k:ed@pedra, mode:BACK
2026-03-23 16:08:05, MOVE, v:1, k:ed@manipulacao, mode:PICK
2026-03-23 16:08:19, EXEC, v:1, k:ed@manipulacao, mode:FULL, rate:0
2026-03-23 16:09:24, EXEC, v:1, k:ed@manipulacao, mode:FULL, rate:0, size:108
2026-03-23 16:10:24, EXEC, v:1, k:ed@manipulacao, mode:FULL, rate:0, size:108
2026-03-23 16:13:39, EXEC, v:1, k:ed@manipulacao, mode:FULL, size:114, fail:COMP
2026-03-23 16:14:09, EXEC, v:1, k:ed@manipulacao, mode:FULL, rate:0, size:114
2026-03-23 16:15:07, EXEC, v:1, k:ed@manipulacao, mode:FULL, rate:0, size:116
2026-03-23 16:18:47, EXEC, v:1, k:ed@manipulacao, mode:FULL, rate:14, size:114
2026-03-23 16:20:03, EXEC, v:1, k:ed@manipulacao, mode:FULL, rate:28, size:115
2026-03-23 16:20:49, EXEC, v:1, k:ed@manipulacao, mode:FULL, rate:28, size:116
2026-03-23 16:21:00, EXEC, v:1, k:ed@manipulacao, mode:FULL, rate:28, size:116
2026-03-23 16:23:30, EXEC, v:1, k:ed@manipulacao, mode:FULL, rate:28, size:124
2026-03-23 16:24:52, EXEC, v:1, k:ed@manipulacao, mode:FULL, rate:42, size:124
2026-03-23 16:26:33, EXEC, v:1, k:ed@manipulacao, mode:FULL, rate:42, size:125
2026-03-23 16:28:27, EXEC, v:1, k:ed@manipulacao, mode:FULL, rate:42, size:125
2026-03-23 16:28:49, EXEC, v:1, k:ed@manipulacao, mode:FULL, rate:42
2026-03-23 16:28:56, EXEC, v:1, k:ed@manipulacao, mode:FULL, rate:42, size:125
2026-03-23 16:30:47, MOVE, v:1, k:ed@manipulacao, mode:BACK
2026-03-23 16:30:52, MOVE, v:1, k:ed@manipulacao, mode:PICK
2026-03-23 16:30:53, EXEC, v:1, k:ed@manipulacao, mode:FULL, rate:42
2026-03-23 16:33:00, MOVE, v:1, k:ed@manipulacao, mode:BACK
2026-03-23 16:35:32, MOVE, v:1, k:ed@manipulacao, mode:PICK
2026-03-23 16:35:32, EXEC, v:1, k:ed@manipulacao, mode:FULL, size:131, fail:COMP
2026-03-23 16:35:44, EXEC, v:1, k:ed@manipulacao, mode:FULL, size:129, fail:COMP
2026-03-23 16:35:52, EXEC, v:1, k:ed@manipulacao, mode:FULL, size:125, fail:COMP
2026-03-23 16:36:08, EXEC, v:1, k:ed@manipulacao, mode:FULL, rate:42, size:125
2026-03-23 16:40:20, EXEC, v:1, k:ed@manipulacao, mode:FULL, rate:42, size:127
2026-03-23 16:43:22, EXEC, v:1, k:ed@manipulacao, mode:FULL, rate:42
2026-03-23 16:45:20, EXEC, v:1, k:ed@manipulacao, mode:FULL, rate:42, size:127
2026-03-23 16:49:10, EXEC, v:1, k:ed@manipulacao, mode:FULL, rate:42, size:134
2026-03-23 16:56:25, MOVE, v:1, k:ed@manipulacao, mode:BACK
