2026-06-30 01:44:16, SELF, v:1, k:ed@gomos, self:1
2026-06-30 01:44:18, MOVE, v:1, k:ed@pintando, mode:PICK
2026-06-30 01:44:19, EXEC, v:1, k:ed@pintando, mode:FULL, rate:100
2026-06-30 01:44:20, MOVE, v:1, k:ed@pintando, mode:BACK
2026-06-30 01:44:21, MOVE, v:1, k:ed@mumia, mode:PICK
2026-06-30 01:44:22, EXEC, v:1, k:ed@mumia, mode:FULL, rate:100
2026-06-30 01:44:22, MOVE, v:1, k:ed@mumia, mode:BACK
2026-06-30 23:09:55, MOVE, v:1, k:ed@lista_d1, mode:PICK
2026-06-30 23:09:56, EXEC, v:1, k:ed@lista_d1, mode:FULL, rate:0
2026-06-30 23:09:59, MOVE, v:1, k:ed@lista_d1, mode:BACK
2026-06-30 23:10:06, MOVE, v:1, k:ed@lista_d1, mode:PICK
2026-06-30 23:12:00, EXEC, v:1, k:ed@lista_d1, mode:FULL, rate:0
2026-06-30 23:13:27, MOVE, v:1, k:ed@lista_d1, mode:PICK
2026-06-30 23:13:28, EXEC, v:1, k:ed@lista_d1, mode:FULL, size:67, fail:COMP
2026-06-30 23:13:29, MOVE, v:1, k:ed@lista_d1, mode:BACK
2026-06-30 23:13:36, MOVE, v:1, k:ed@editorint, mode:PICK
2026-06-30 23:13:39, EXEC, v:1, k:ed@editorint, mode:LOCK, rate:100
2026-06-30 23:13:39, MOVE, v:1, k:ed@editorint, mode:BACK
2026-06-30 23:14:28, MOVE, v:1, k:ed@lista_d1, mode:EDIT
2026-06-30 23:14:48, MOVE, v:1, k:ed@lista_d1, mode:EDIT
2026-06-30 23:14:48, MOVE, v:1, k:ed@lista_d1, mode:EDIT
2026-06-30 23:24:27, MOVE, v:1, k:ed@lista_d1, mode:EDIT
2026-06-30 23:24:32, MOVE, v:1, k:ed@lista_d1, mode:EDIT
2026-06-30 23:24:32, MOVE, v:1, k:ed@lista_d1, mode:EDIT
