2026-06-15 14:35:51, MOVE, v:1, k:ed@lista_d1, mode:PICK
2026-06-15 14:35:53, EXEC, v:1, k:ed@lista_d1, mode:FULL, rate:0, size:57
2026-06-15 14:42:17, MOVE, v:1, k:ed@longest, mode:EDIT
2026-06-15 14:46:46, EXEC, v:1, k:ed@lista_d1, mode:FULL, rate:0
2026-06-15 14:46:48, MOVE, v:1, k:ed@lista_d1, mode:BACK
2026-06-15 14:46:56, MOVE, v:1, k:ed@fila_enc, mode:DOWN
2026-06-15 14:46:57, MOVE, v:1, k:ed@pilha, mode:DOWN
2026-06-15 14:46:58, MOVE, v:1, k:ed@chaves, mode:DOWN
2026-06-15 14:47:02, MOVE, v:1, k:ed@hex, mode:DOWN
2026-06-15 14:46:42, MOVE, v:1, k:ed@longest, mode:EDIT
2026-06-15 14:46:56, MOVE, v:1, k:ed@fila_enc, mode:EDIT
2026-06-15 14:46:56, MOVE, v:1, k:ed@fila_enc, mode:EDIT
2026-06-15 14:46:56, MOVE, v:1, k:ed@fila_enc, mode:EDIT
2026-06-15 14:46:57, MOVE, v:1, k:ed@pilha, mode:EDIT
2026-06-15 14:46:57, MOVE, v:1, k:ed@pilha, mode:EDIT
2026-06-15 14:46:57, MOVE, v:1, k:ed@pilha, mode:EDIT
2026-06-15 14:46:57, MOVE, v:1, k:ed@pilha, mode:EDIT
2026-06-15 14:46:58, MOVE, v:1, k:ed@chaves, mode:EDIT
2026-06-15 14:46:58, MOVE, v:1, k:ed@chaves, mode:EDIT
2026-06-15 14:46:58, MOVE, v:1, k:ed@chaves, mode:EDIT
2026-06-15 14:46:58, MOVE, v:1, k:ed@chaves, mode:EDIT
2026-06-15 14:46:58, MOVE, v:1, k:ed@chaves, mode:EDIT
2026-06-15 14:47:02, MOVE, v:1, k:ed@hex, mode:EDIT
2026-06-15 14:47:44, MOVE, v:1, k:ed@longest, mode:PICK
2026-06-15 14:47:45, EXEC, v:1, k:ed@longest, mode:FULL, size:93, fail:COMP
2026-06-15 14:50:26, EXEC, v:1, k:ed@longest, mode:FULL, rate:100, size:93
2026-06-15 14:50:27, MOVE, v:1, k:ed@longest, mode:BACK
2026-06-15 14:50:31, SELF, v:1, k:ed@longest, self:1, rate:100
2026-06-15 14:50:32, MOVE, v:1, k:ed@longest, mode:PICK
2026-06-15 14:50:33, EXEC, v:1, k:ed@longest, mode:FULL, rate:100
2026-06-15 14:50:33, MOVE, v:1, k:ed@longest, mode:BACK
2026-06-15 14:50:23, MOVE, v:1, k:ed@longest, mode:EDIT
2026-06-15 18:32:01, MOVE, v:1, k:ed@longest, mode:EDIT
