2026-05-20 09:30:35, MOVE, v:1, k:ed@bettersearch, mode:PICK
2026-05-20 09:30:37, MOVE, v:1, k:ed@bettersearch, mode:BACK
2026-05-20 09:32:18, MOVE, v:1, k:ed@bettersearch, mode:PICK
2026-05-20 09:32:19, EXEC, v:1, k:ed@bettersearch, mode:FULL, rate:18
2026-05-20 10:17:27, MOVE, v:1, k:ed@bettersearch, mode:EDIT
2026-05-20 10:21:29, MOVE, v:1, k:ed@bettersearch, mode:EDIT
2026-05-20 10:33:18, MOVE, v:1, k:ed@bettersearch, mode:EDIT
2026-05-20 10:39:48, MOVE, v:1, k:ed@bettersearch, mode:EDIT
2026-05-20 10:40:03, MOVE, v:1, k:ed@bettersearch, mode:PICK
2026-05-20 10:40:04, EXEC, v:1, k:ed@bettersearch, mode:FULL, rate:54, size:57
2026-05-20 10:44:46, MOVE, v:1, k:ed@bettersearch, mode:EDIT
2026-05-20 10:48:00, EXEC, v:1, k:ed@bettersearch, mode:FULL, rate:54, size:63
2026-05-20 10:49:16, EXEC, v:1, k:ed@bettersearch, mode:FULL, rate:54, size:60
2026-05-20 10:48:57, MOVE, v:1, k:ed@bettersearch, mode:EDIT
2026-05-20 10:52:44, EXEC, v:1, k:ed@bettersearch, mode:FULL, size:71, fail:COMP
2026-05-20 10:53:42, EXEC, v:1, k:ed@bettersearch, mode:FULL, size:62, fail:COMP
2026-05-20 10:53:50, EXEC, v:1, k:ed@bettersearch, mode:FULL, rate:0, size:53
2026-05-20 10:53:57, EXEC, v:1, k:ed@bettersearch, mode:FULL, rate:63, size:53
2026-05-20 10:54:06, EXEC, v:1, k:ed@bettersearch, mode:FULL, rate:0, size:53
2026-05-20 10:54:23, EXEC, v:1, k:ed@bettersearch, mode:FULL, rate:54, size:55
2026-05-20 10:54:33, EXEC, v:1, k:ed@bettersearch, mode:FULL, rate:63, size:51
2026-05-20 10:54:32, MOVE, v:1, k:ed@bettersearch, mode:EDIT
2026-05-20 10:57:36, EXEC, v:1, k:ed@bettersearch, mode:FULL, rate:100, size:51
2026-05-20 10:58:09, MOVE, v:1, k:ed@bettersearch, mode:BACK
2026-05-20 10:58:14, SELF, v:1, k:ed@bettersearch, self:1, rate:100
2026-05-20 10:58:18, MOVE, v:1, k:ed@bettersearch, mode:PICK
2026-05-20 10:58:18, EXEC, v:1, k:ed@bettersearch, mode:FULL, rate:100
2026-05-20 10:58:19, MOVE, v:1, k:ed@bettersearch, mode:BACK
2026-05-20 10:58:20, MOVE, v:1, k:ed@multiset, mode:PICK
2026-05-20 10:58:20, EXEC, v:1, k:ed@multiset, mode:FULL, rate:33
2026-05-20 10:58:44, MOVE, v:1, k:ed@multiset, mode:BACK
2026-05-20 10:58:54, MOVE, v:1, k:ed@bettersearch, mode:PICK
2026-05-20 10:58:55, EXEC, v:1, k:ed@bettersearch, mode:FULL, rate:100
2026-05-20 10:58:55, MOVE, v:1, k:ed@bettersearch, mode:BACK
2026-05-20 16:22:58, MOVE, v:1, k:ed@multiset, mode:PICK
2026-05-20 16:23:00, EXEC, v:1, k:ed@multiset, mode:FULL, rate:33
2026-05-20 19:47:02, MOVE, v:1, k:ed@multiset, mode:PICK
2026-05-20 19:47:02, EXEC, v:1, k:ed@multiset, mode:FULL, rate:33
