2026-06-09 17:43:37, MOVE, v:1, k:ed@pintura, mode:PICK
2026-06-09 17:43:38, EXEC, v:1, k:ed@pintura, mode:FULL, size:86, fail:COMP
2026-06-09 17:43:43, MOVE, v:1, k:ed@pintura, mode:BACK
2026-06-09 17:43:54, MOVE, v:1, k:ed@wordsearch, mode:PICK
2026-06-09 17:45:26, MOVE, v:1, k:ed@wordsearch, mode:BACK
2026-06-09 17:48:01, SELF, v:1, k:ed@dfs_read, self:1
2026-06-09 17:43:42, MOVE, v:1, k:ed@pintura, mode:EDIT
2026-06-09 17:48:07, MOVE, v:1, k:ed@dfs_read, mode:DOWN
2026-06-09 17:48:11, MOVE, v:1, k:ed@dfs_read, mode:PICK
2026-06-09 17:48:12, EXEC, v:1, k:ed@dfs_read, mode:LOCK, rate:0, size:5
2026-06-09 17:48:13, MOVE, v:1, k:ed@dfs_read, mode:BACK
2026-06-09 17:48:41, MOVE, v:1, k:ed@mumia, mode:PICK
2026-06-09 17:48:41, EXEC, v:1, k:ed@mumia, mode:FULL, rate:100
2026-06-09 17:48:46, MOVE, v:1, k:ed@mumia, mode:BACK
2026-06-09 17:48:56, MOVE, v:1, k:ed@pintura, mode:PICK
2026-06-09 17:48:57, EXEC, v:1, k:ed@pintura, mode:FULL, fail:COMP
2026-06-09 17:48:57, MOVE, v:1, k:ed@pintura, mode:BACK
2026-06-09 17:49:05, MOVE, v:1, k:ed@cercado, mode:PICK
2026-06-09 17:49:06, EXEC, v:1, k:ed@cercado, mode:FULL, rate:33
2026-06-09 17:49:07, MOVE, v:1, k:ed@cercado, mode:BACK
2026-06-09 17:52:03, MOVE, v:1, k:ed@pintura, mode:PICK
2026-06-09 17:52:04, EXEC, v:1, k:ed@pintura, mode:FULL, size:80, fail:COMP
2026-06-09 17:48:07, MOVE, v:1, k:ed@dfs_read, mode:EDIT
2026-06-09 17:48:07, MOVE, v:1, k:ed@dfs_read, mode:EDIT
2026-06-09 17:53:03, MOVE, v:1, k:ed@pintura, mode:EDIT
2026-06-09 17:53:29, MOVE, v:1, k:ed@pintura, mode:EDIT
2026-06-09 17:58:04, MOVE, v:1, k:ed@pintura, mode:EDIT
2026-06-09 17:59:00, MOVE, v:1, k:ed@pintura, mode:EDIT
2026-06-09 18:00:56, EXEC, v:1, k:ed@pintura, mode:FULL, rate:50, size:84
2026-06-09 18:01:09, EXEC, v:1, k:ed@pintura, mode:FULL, rate:100, size:85
2026-06-09 18:01:10, MOVE, v:1, k:ed@pintura, mode:BACK
2026-06-09 18:01:20, SELF, v:1, k:ed@pintura, self:1, rate:100, study:20
2026-06-09 18:01:21, MOVE, v:1, k:ed@pintura, mode:PICK
2026-06-09 18:01:21, EXEC, v:1, k:ed@pintura, mode:FULL, rate:100
2026-06-09 18:01:21, EXEC, v:1, k:ed@pintura, mode:FULL, rate:100
2026-06-09 18:01:21, EXEC, v:1, k:ed@pintura, mode:FULL, rate:100
2026-06-09 18:01:21, EXEC, v:1, k:ed@pintura, mode:FULL, rate:100
2026-06-09 18:01:22, EXEC, v:1, k:ed@pintura, mode:FULL, rate:100
2026-06-09 18:01:22, MOVE, v:1, k:ed@pintura, mode:BACK
2026-06-09 18:01:43, MOVE, v:1, k:ed@cercado, mode:PICK
2026-06-09 18:01:43, EXEC, v:1, k:ed@cercado, mode:FULL, rate:33
2026-06-09 18:02:29, EXEC, v:1, k:ed@cercado, mode:FULL, rate:33
2026-06-09 18:02:29, MOVE, v:1, k:ed@cercado, mode:BACK
2026-06-09 18:02:31, MOVE, v:1, k:ed@cercado, mode:PICK
2026-06-09 18:02:32, EXEC, v:1, k:ed@cercado, mode:FULL, rate:33
2026-06-09 18:02:33, MOVE, v:1, k:ed@cercado, mode:BACK
